<?xml version="1.0" encoding="UTF-8"?>
<!-- Generated by org.testng.reporters.JUnitXMLReporter -->
<testsuite hostname="kevin" ignored="0" name="Test" tests="2" failures="1" timestamp="13 Feb 2022 14:03:11 GMT" time="13.715" errors="0">
  <testcase name="tc02" time="2.201" classname="org.testng.ParallelLaunch">
    <failure type="java.lang.NullPointerException">
      <![CDATA[java.lang.NullPointerException
... Removed 26 stack frames]]>
    </failure>
  </testcase> <!-- tc02 -->
  <testcase name="tco1" time="11.447" classname="org.testng.ParallelLaunch"/>
</testsuite> <!-- Test -->
