<?xml version="1.0" encoding="UTF-8"?>
<testng-results skipped="0" failed="0" ignored="0" total="2" passed="2">
  <reporter-output>
  </reporter-output>
  <suite name="Default suite" duration-ms="15175" started-at="2022-02-13T14:14:27Z" finished-at="2022-02-13T14:14:42Z">
    <groups>
    </groups>
    <test name="Default test" duration-ms="15175" started-at="2022-02-13T14:14:27Z" finished-at="2022-02-13T14:14:42Z">
      <class name="org.testng.ParallelLaunch">
        <test-method status="PASS" signature="tc02()[pri:0, instance:org.testng.ParallelLaunch@2ac273d3]" name="tc02" duration-ms="8549" started-at="2022-02-13T14:14:27Z" finished-at="2022-02-13T14:14:36Z">
          <reporter-output>
          </reporter-output>
        </test-method> <!-- tc02 -->
        <test-method status="PASS" signature="tco1()[pri:0, instance:org.testng.ParallelLaunch@2ac273d3]" name="tco1" duration-ms="6568" started-at="2022-02-13T14:14:36Z" finished-at="2022-02-13T14:14:42Z">
          <reporter-output>
          </reporter-output>
        </test-method> <!-- tco1 -->
      </class> <!-- org.testng.ParallelLaunch -->
    </test> <!-- Default test -->
  </suite> <!-- Default suite -->
</testng-results>
